mode: set
backend/rest/handlers/googleclient.go:25.56,29.2 1 0
backend/rest/handlers/googleclient.go:33.105,36.16 2 0
backend/rest/handlers/googleclient.go:39.2,39.16 1 0
backend/rest/handlers/googleclient.go:36.16,38.3 1 0
backend/rest/handlers/googleclient.go:42.114,45.16 2 0
backend/rest/handlers/googleclient.go:48.2,48.16 1 0
backend/rest/handlers/googleclient.go:45.16,47.3 1 0
backend/rest/handlers/googleclient.go:53.43,55.16 2 0
backend/rest/handlers/googleclient.go:59.2,59.22 1 0
backend/rest/handlers/googleclient.go:55.16,57.3 1 0
backend/rest/handlers/googleclient.go:62.53,65.2 2 0
backend/rest/handlers/googleclient.go:68.71,75.2 3 0
backend/rest/middleware/authorization.go:39.80,45.2 1 1
backend/rest/middleware/authorization.go:47.37,57.2 2 1
backend/rest/middleware/authorization.go:59.126,60.55 1 0
backend/rest/middleware/authorization.go:60.55,62.17 2 0
backend/rest/middleware/authorization.go:66.3,68.25 2 0
backend/rest/middleware/authorization.go:73.3,100.9 9 0
backend/rest/middleware/authorization.go:62.17,64.4 1 0
backend/rest/middleware/authorization.go:68.25,71.4 2 0
backend/rest/middleware/authorization.go:114.77,122.16 4 0
backend/rest/middleware/authorization.go:125.2,125.8 1 0
backend/rest/middleware/authorization.go:122.16,124.3 1 0
backend/rest/middleware/authorization.go:132.81,137.16 2 0
backend/rest/middleware/authorization.go:137.16,141.30 4 0
backend/rest/middleware/authorization.go:141.30,143.4 1 0
backend/rest/middleware/authorization.go:144.8,149.17 3 0
backend/rest/middleware/authorization.go:154.3,155.17 2 0
backend/rest/middleware/authorization.go:160.3,167.17 7 0
backend/rest/middleware/authorization.go:170.3,170.9 1 0
backend/rest/middleware/authorization.go:149.17,151.4 1 0
backend/rest/middleware/authorization.go:155.17,157.4 1 0
backend/rest/middleware/authorization.go:167.17,169.4 1 0
backend/rest/middleware/photos_rpc_caller.go:21.104,26.2 1 0
backend/rest/middleware/photos_rpc_caller.go:28.138,29.91 1 0
backend/rest/middleware/photos_rpc_caller.go:29.91,33.17 4 0
backend/rest/middleware/photos_rpc_caller.go:36.3,36.34 1 0
backend/rest/middleware/photos_rpc_caller.go:40.3,40.25 1 0
backend/rest/middleware/photos_rpc_caller.go:33.17,34.14 1 0
backend/rest/middleware/photos_rpc_caller.go:36.34,39.4 2 0
backend/rest/middleware/photos_rpc_caller.go:45.143,46.91 1 0
backend/rest/middleware/photos_rpc_caller.go:46.91,50.17 4 0
backend/rest/middleware/photos_rpc_caller.go:54.3,54.34 1 0
backend/rest/middleware/photos_rpc_caller.go:58.3,58.25 1 0
backend/rest/middleware/photos_rpc_caller.go:50.17,51.14 1 0
backend/rest/middleware/photos_rpc_caller.go:54.34,57.4 2 0
backend/rest/middleware/photos_rpc_caller.go:67.102,76.20 5 0
backend/rest/middleware/photos_rpc_caller.go:85.2,85.21 1 0
backend/rest/middleware/photos_rpc_caller.go:89.2,89.13 1 0
backend/rest/middleware/photos_rpc_caller.go:76.20,78.17 2 0
backend/rest/middleware/photos_rpc_caller.go:81.3,81.19 1 0
backend/rest/middleware/photos_rpc_caller.go:78.17,79.14 1 0
backend/rest/middleware/photos_rpc_caller.go:85.21,87.3 1 0
backend/rest/middleware/photos_rpc_caller.go:94.43,96.16 2 0
backend/rest/middleware/photos_rpc_caller.go:100.2,100.22 1 0
backend/rest/middleware/photos_rpc_caller.go:96.16,98.3 1 0
backend/rest/middleware/photos_rpc_caller.go:103.108,114.20 8 0
backend/rest/middleware/photos_rpc_caller.go:123.2,123.21 1 0
backend/rest/middleware/photos_rpc_caller.go:126.2,126.13 1 0
backend/rest/middleware/photos_rpc_caller.go:114.20,116.17 2 0
backend/rest/middleware/photos_rpc_caller.go:119.3,119.19 1 0
backend/rest/middleware/photos_rpc_caller.go:116.17,117.14 1 0
backend/rest/middleware/photos_rpc_caller.go:123.21,125.3 1 0
backend/grpc/services/photosAPI.go:33.104,36.16 3 1
backend/grpc/services/photosAPI.go:46.2,49.16 3 0
backend/grpc/services/photosAPI.go:59.2,63.16 4 0
backend/grpc/services/photosAPI.go:72.2,73.38 2 0
backend/grpc/services/photosAPI.go:87.2,89.39 2 0
backend/grpc/services/photosAPI.go:36.16,44.3 1 1
backend/grpc/services/photosAPI.go:49.16,57.3 1 0
backend/grpc/services/photosAPI.go:63.16,70.3 1 0
backend/grpc/services/photosAPI.go:73.38,77.17 3 0
backend/grpc/services/photosAPI.go:85.3,85.59 1 0
backend/grpc/services/photosAPI.go:77.17,84.4 1 0
backend/grpc/services/photosAPI.go:93.132,99.16 4 1
backend/grpc/services/photosAPI.go:103.2,103.17 1 1
backend/grpc/services/photosAPI.go:99.16,101.3 1 0
backend/grpc/services/photosAPI.go:106.127,112.16 4 1
backend/grpc/services/photosAPI.go:116.2,116.17 1 1
backend/grpc/services/photosAPI.go:112.16,114.3 1 0
backend/grpc/services/photosAPI.go:122.95,124.16 2 1
backend/grpc/services/photosAPI.go:134.2,135.16 2 1
backend/grpc/services/photosAPI.go:144.2,151.16 7 1
backend/grpc/services/photosAPI.go:159.2,160.38 2 0
backend/grpc/services/photosAPI.go:176.2,178.39 2 0
backend/grpc/services/photosAPI.go:124.16,132.3 1 1
backend/grpc/services/photosAPI.go:135.16,142.3 1 0
backend/grpc/services/photosAPI.go:151.16,158.3 1 1
backend/grpc/services/photosAPI.go:160.38,165.17 3 0
backend/grpc/services/photosAPI.go:173.3,173.59 1 0
backend/grpc/services/photosAPI.go:165.17,172.4 1 0
backend/grpc/services/photosAPI.go:182.69,186.2 3 1
backend/grpc/services/photosAPI.go:192.63,196.2 3 1
backend/grpc/services/photosAPI.go:198.71,200.41 2 1
backend/grpc/services/photosAPI.go:211.2,211.84 1 1
backend/grpc/services/photosAPI.go:200.41,209.3 1 1
backend/grpc/services/photosAPI.go:216.71,218.41 2 1
backend/grpc/services/photosAPI.go:242.2,242.84 1 1
backend/grpc/services/photosAPI.go:218.41,223.33 4 1
backend/grpc/services/photosAPI.go:232.3,239.56 1 1
backend/grpc/services/photosAPI.go:223.33,225.18 2 1
backend/grpc/services/photosAPI.go:228.4,228.27 1 1
backend/grpc/services/photosAPI.go:225.18,226.15 1 0
backend/grpc/services/photosAPI.go:229.9,231.4 1 1
backend/grpc/services/photosAPI.go:250.66,251.37 1 1
backend/grpc/services/photosAPI.go:254.2,263.20 8 1
backend/grpc/services/photosAPI.go:251.37,253.3 1 1
backend/grpc/services/photosAPI.go:266.61,267.48 1 1
backend/grpc/services/photosAPI.go:270.2,270.44 1 1
backend/grpc/services/photosAPI.go:273.2,273.46 1 1
backend/grpc/services/photosAPI.go:276.2,276.61 1 1
backend/grpc/services/photosAPI.go:279.2,279.13 1 1
backend/grpc/services/photosAPI.go:267.48,269.3 1 1
backend/grpc/services/photosAPI.go:270.44,272.3 1 0
backend/grpc/services/photosAPI.go:273.46,275.3 1 0
backend/grpc/services/photosAPI.go:276.61,278.3 1 0
backend/grpc/services/photosAPI.go:285.60,293.2 1 1
backend/grpc/services/photoService.go:18.56,20.2 1 0
backend/grpc/services/photoService.go:25.114,28.2 1 0
backend/grpc/services/photoService.go:34.123,36.2 1 0
